Using pre-set license

 COMMAND LINE ARGUMENTS:
/Applications/Unity/Hub/Editor/2020.2.1f1/Unity.app/Contents/MacOS/Unity
-adb2
-batchMode
-noUpm
-name
AssetImportWorker0
-projectPath
/Users/AmandaClement/Desktop/CONCORDIA/Unity/cart315/exercise1
-logFile
Logs/AssetImportWorker0.log
-srvPort
50396
Successfully changed project path to: /Users/AmandaClement/Desktop/CONCORDIA/Unity/cart315/exercise1
/Users/AmandaClement/Desktop/CONCORDIA/Unity/cart315/exercise1
Using Asset Import Pipeline V2.
Refreshing native plugins compatible for Editor in 29.72 ms, found 1 plugins.
Preloading 0 native plugins for Editor in 0.00 ms.
Initialize engine version: 2020.2.1f1 (270dd8c3da1c)
[Subsystems] Discovering subsystems at path /Applications/Unity/Hub/Editor/2020.2.1f1/Unity.app/Contents/Resources/UnitySubsystems
[Subsystems] Discovering subsystems at path /Users/AmandaClement/Desktop/CONCORDIA/Unity/cart315/exercise1/Assets
GfxDevice: creating device client; threaded=0
2021-01-27 10:46:22.877 Unity[2039:128421] Color LCD preferred device: AMD Radeon R9 M370X (high power)
2021-01-27 10:46:22.877 Unity[2039:128421] Metal devices available: 2
2021-01-27 10:46:22.877 Unity[2039:128421] 0: AMD Radeon R9 M370X (high power)
2021-01-27 10:46:22.877 Unity[2039:128421] 1: Intel Iris Pro Graphics (low power)
2021-01-27 10:46:22.878 Unity[2039:128421] Using device AMD Radeon R9 M370X (high power)
Initializing Metal device caps: AMD Radeon R9 M370X
Initialize mono
Mono path[0] = '/Applications/Unity/Hub/Editor/2020.2.1f1/Unity.app/Contents/Managed'
Mono path[1] = '/Applications/Unity/Hub/Editor/2020.2.1f1/Unity.app/Contents/MonoBleedingEdge/lib/mono/unityjit'
Mono config path = '/Applications/Unity/Hub/Editor/2020.2.1f1/Unity.app/Contents/MonoBleedingEdge/etc'
Using monoOptions --debugger-agent=transport=dt_socket,embedding=1,server=y,suspend=n,address=127.0.0.1:56039
Begin MonoManager ReloadAssembly
Registering precompiled unity dll's ...
Register platform support module: /Applications/Unity/Hub/Editor/2020.2.1f1/Unity.app/Contents/PlaybackEngines/MacStandaloneSupport/UnityEditor.OSXStandalone.Extensions.dll
Registered in 0.000395 seconds.
Native extension for OSXStandalone target not found
Refreshing native plugins compatible for Editor in 30.57 ms, found 1 plugins.
Preloading 0 native plugins for Editor in 0.00 ms.
Invoked RoslynAnalysisRunner static constructor.
RoslynAnalysisRunner will not be running.
RoslynAnalysisRunner has terminated.
Mono: successfully reloaded assembly
- Completed reload, in  1.785 seconds
Platform modules already initialized, skipping
Registering precompiled user dll's ...
Registered in 0.000314 seconds.
Begin MonoManager ReloadAssembly
Native extension for OSXStandalone target not found
Refreshing native plugins compatible for Editor in 0.26 ms, found 1 plugins.
Preloading 0 native plugins for Editor in 0.00 ms.
Invoked RoslynAnalysisRunner static constructor.
RoslynAnalysisRunner will not be running.
RoslynAnalysisRunner has terminated.
Mono: successfully reloaded assembly
- Completed reload, in  1.086 seconds
Platform modules already initialized, skipping
========================================================================
Worker process is ready to serve import requests
Launching external process: /Applications/Unity/Hub/Editor/2020.2.1f1/Unity.app/Contents/Tools/UnityShaderCompiler
Launched and connected shader compiler UnityShaderCompiler after 0.02 seconds
Refreshing native plugins compatible for Editor in 0.23 ms, found 1 plugins.
Preloading 0 native plugins for Editor in 0.00 ms.
Unloading 1115 Unused Serialized files (Serialized files now loaded: 0)
System memory in use before: 112.6 MB.
System memory in use after: 112.7 MB.

Unloading 10 unused Assets to reduce memory usage. Loaded Objects now: 1562.
Total: 2.314085 ms (FindLiveObjects: 0.214634 ms CreateObjectMapping: 0.042585 ms MarkObjects: 1.960475 ms  DeleteObjects: 0.094913 ms)

========================================================================
Received Import Request.
  path: Assets/Mente Bacata/Scivolo Character Controller/Demo/Models/Terrain.fbx
  artifactKey: Guid(56b3739bce3101c4a860174b33e89edb) Importer(815301076,1909f56bfc062723c751e8b465ee728b)
Start importing Assets/Mente Bacata/Scivolo Character Controller/Demo/Models/Terrain.fbx using Guid(56b3739bce3101c4a860174b33e89edb) Importer(815301076,1909f56bfc062723c751e8b465ee728b)  -> (artifact id: '3857bbbb95f9689b3cb11871c0a720c0') in 0.427831 seconds
  Import took 0.430970 seconds .

========================================================================
Received Prepare
Refreshing native plugins compatible for Editor in 0.71 ms, found 1 plugins.
Preloading 0 native plugins for Editor in 0.00 ms.
Unloading 3 Unused Serialized files (Serialized files now loaded: 0)
System memory in use before: 100.0 MB.
System memory in use after: 100.0 MB.

Unloading 3 unused Assets to reduce memory usage. Loaded Objects now: 1572.
Total: 3.110448 ms (FindLiveObjects: 0.200437 ms CreateObjectMapping: 0.043970 ms MarkObjects: 2.775018 ms  DeleteObjects: 0.088588 ms)

========================================================================
Received Prepare
Registering precompiled user dll's ...
Registered in 0.000610 seconds.
Begin MonoManager ReloadAssembly
Native extension for OSXStandalone target not found
Refreshing native plugins compatible for Editor in 0.27 ms, found 1 plugins.
Preloading 0 native plugins for Editor in 0.00 ms.
Invoked RoslynAnalysisRunner static constructor.
RoslynAnalysisRunner will not be running.
RoslynAnalysisRunner has terminated.
Mono: successfully reloaded assembly
- Completed reload, in  1.062 seconds
Platform modules already initialized, skipping
Refreshing native plugins compatible for Editor in 0.17 ms, found 1 plugins.
Preloading 0 native plugins for Editor in 0.00 ms.
Unloading 1110 Unused Serialized files (Serialized files now loaded: 0)
System memory in use before: 121.4 MB.
System memory in use after: 121.4 MB.

Unloading 5 unused Assets to reduce memory usage. Loaded Objects now: 1574.
Total: 1.948435 ms (FindLiveObjects: 0.171722 ms CreateObjectMapping: 0.053083 ms MarkObjects: 1.677982 ms  DeleteObjects: 0.044749 ms)

========================================================================
Received Prepare
Registering precompiled user dll's ...
Registered in 0.000419 seconds.
Begin MonoManager ReloadAssembly
Native extension for OSXStandalone target not found
Refreshing native plugins compatible for Editor in 0.24 ms, found 1 plugins.
Preloading 0 native plugins for Editor in 0.00 ms.
Invoked RoslynAnalysisRunner static constructor.
RoslynAnalysisRunner will not be running.
RoslynAnalysisRunner has terminated.
Mono: successfully reloaded assembly
- Completed reload, in  1.014 seconds
Platform modules already initialized, skipping
Refreshing native plugins compatible for Editor in 0.25 ms, found 1 plugins.
Preloading 0 native plugins for Editor in 0.00 ms.
Unloading 1111 Unused Serialized files (Serialized files now loaded: 0)
System memory in use before: 122.4 MB.
System memory in use after: 122.5 MB.

Unloading 5 unused Assets to reduce memory usage. Loaded Objects now: 1577.
Total: 1.924716 ms (FindLiveObjects: 0.175245 ms CreateObjectMapping: 0.039617 ms MarkObjects: 1.642342 ms  DeleteObjects: 0.058808 ms)

========================================================================
Received Import Request.
  Time since last request: 604.822449 seconds.
  path: Assets/BasicScript.cs
  artifactKey: Guid(f006930a0686848c69889ae035267c56) Importer(815301076,1909f56bfc062723c751e8b465ee728b)
Start importing Assets/BasicScript.cs using Guid(f006930a0686848c69889ae035267c56) Importer(815301076,1909f56bfc062723c751e8b465ee728b)  -> (artifact id: 'd369361045639fd425d6dfa83db64498') in 0.322396 seconds
  Import took 0.325205 seconds .

========================================================================
Received Prepare
Registering precompiled user dll's ...
Registered in 0.000312 seconds.
Begin MonoManager ReloadAssembly
Native extension for OSXStandalone target not found
Refreshing native plugins compatible for Editor in 0.33 ms, found 1 plugins.
Preloading 0 native plugins for Editor in 0.00 ms.
Invoked RoslynAnalysisRunner static constructor.
RoslynAnalysisRunner will not be running.
RoslynAnalysisRunner has terminated.
Mono: successfully reloaded assembly
- Completed reload, in  0.965 seconds
Platform modules already initialized, skipping
Refreshing native plugins compatible for Editor in 0.25 ms, found 1 plugins.
Preloading 0 native plugins for Editor in 0.00 ms.
Unloading 1111 Unused Serialized files (Serialized files now loaded: 0)
System memory in use before: 123.9 MB.
System memory in use after: 124.0 MB.

Unloading 5 unused Assets to reduce memory usage. Loaded Objects now: 1579.
Total: 2.368390 ms (FindLiveObjects: 0.179334 ms CreateObjectMapping: 0.050242 ms MarkObjects: 2.074165 ms  DeleteObjects: 0.062278 ms)

========================================================================
Received Import Request.
  Time since last request: 1085.143014 seconds.
  path: Assets/BasicScript.cs
  artifactKey: Guid(f006930a0686848c69889ae035267c56) Importer(815301076,1909f56bfc062723c751e8b465ee728b)
Start importing Assets/BasicScript.cs using Guid(f006930a0686848c69889ae035267c56) Importer(815301076,1909f56bfc062723c751e8b465ee728b)  -> (artifact id: '7d5551bd080f077b6ffb38709fd19144') in 0.005461 seconds
  Import took 0.008602 seconds .

========================================================================
Received Prepare
Registering precompiled user dll's ...
Registered in 0.000292 seconds.
Begin MonoManager ReloadAssembly
Native extension for OSXStandalone target not found
Refreshing native plugins compatible for Editor in 0.25 ms, found 1 plugins.
Preloading 0 native plugins for Editor in 0.00 ms.
Invoked RoslynAnalysisRunner static constructor.
RoslynAnalysisRunner will not be running.
RoslynAnalysisRunner has terminated.
Mono: successfully reloaded assembly
- Completed reload, in  0.986 seconds
Platform modules already initialized, skipping
Refreshing native plugins compatible for Editor in 0.25 ms, found 1 plugins.
Preloading 0 native plugins for Editor in 0.00 ms.
Unloading 1111 Unused Serialized files (Serialized files now loaded: 0)
System memory in use before: 123.9 MB.
System memory in use after: 123.9 MB.

Unloading 5 unused Assets to reduce memory usage. Loaded Objects now: 1581.
Total: 2.532020 ms (FindLiveObjects: 0.214296 ms CreateObjectMapping: 0.045517 ms MarkObjects: 2.197860 ms  DeleteObjects: 0.072114 ms)

========================================================================
Received Prepare
Registering precompiled user dll's ...
Registered in 0.000394 seconds.
Begin MonoManager ReloadAssembly
Native extension for OSXStandalone target not found
Refreshing native plugins compatible for Editor in 0.34 ms, found 1 plugins.
Preloading 0 native plugins for Editor in 0.00 ms.
Invoked RoslynAnalysisRunner static constructor.
RoslynAnalysisRunner will not be running.
RoslynAnalysisRunner has terminated.
Mono: successfully reloaded assembly
- Completed reload, in  0.997 seconds
Platform modules already initialized, skipping
Refreshing native plugins compatible for Editor in 0.24 ms, found 1 plugins.
Preloading 0 native plugins for Editor in 0.00 ms.
Unloading 1111 Unused Serialized files (Serialized files now loaded: 0)
System memory in use before: 124.3 MB.
System memory in use after: 124.4 MB.

Unloading 5 unused Assets to reduce memory usage. Loaded Objects now: 1583.
Total: 1.893289 ms (FindLiveObjects: 0.161370 ms CreateObjectMapping: 0.040858 ms MarkObjects: 1.629739 ms  DeleteObjects: 0.058241 ms)

========================================================================
Received Import Request.
  Time since last request: 411.464717 seconds.
  path: Assets/BasicScript.cs
  artifactKey: Guid(f006930a0686848c69889ae035267c56) Importer(815301076,1909f56bfc062723c751e8b465ee728b)
Start importing Assets/BasicScript.cs using Guid(f006930a0686848c69889ae035267c56) Importer(815301076,1909f56bfc062723c751e8b465ee728b)  -> (artifact id: '3ab264af984495bbacb5a03d9b05ea4e') in 0.006195 seconds
  Import took 0.009207 seconds .

========================================================================
Received Import Request.
  Time since last request: 16.963961 seconds.
  path: Assets/BasicScript.cs
  artifactKey: Guid(f006930a0686848c69889ae035267c56) Importer(815301076,1909f56bfc062723c751e8b465ee728b)
Start importing Assets/BasicScript.cs using Guid(f006930a0686848c69889ae035267c56) Importer(815301076,1909f56bfc062723c751e8b465ee728b)  -> (artifact id: 'c47c0f2fb43c7b9c9c30f6c0989eb746') in 0.001941 seconds
  Import took 0.004572 seconds .

========================================================================
Received Import Request.
  Time since last request: 434.907546 seconds.
  path: Assets/BasicScript.cs
  artifactKey: Guid(f006930a0686848c69889ae035267c56) Importer(815301076,1909f56bfc062723c751e8b465ee728b)
Start importing Assets/BasicScript.cs using Guid(f006930a0686848c69889ae035267c56) Importer(815301076,1909f56bfc062723c751e8b465ee728b)  -> (artifact id: 'fed44d285a72b37f410d3ddbf294b5f6') in 0.001567 seconds
  Import took 0.004391 seconds .

========================================================================
Received Prepare
Registering precompiled user dll's ...
Registered in 0.000394 seconds.
Begin MonoManager ReloadAssembly
Native extension for OSXStandalone target not found
Refreshing native plugins compatible for Editor in 0.27 ms, found 1 plugins.
Preloading 0 native plugins for Editor in 0.00 ms.
Invoked RoslynAnalysisRunner static constructor.
RoslynAnalysisRunner will not be running.
RoslynAnalysisRunner has terminated.
Mono: successfully reloaded assembly
- Completed reload, in  0.985 seconds
Platform modules already initialized, skipping
Refreshing native plugins compatible for Editor in 0.28 ms, found 1 plugins.
Preloading 0 native plugins for Editor in 0.00 ms.
Unloading 1111 Unused Serialized files (Serialized files now loaded: 0)
System memory in use before: 124.1 MB.
System memory in use after: 124.2 MB.

Unloading 5 unused Assets to reduce memory usage. Loaded Objects now: 1585.
Total: 1.817917 ms (FindLiveObjects: 0.188324 ms CreateObjectMapping: 0.040152 ms MarkObjects: 1.525753 ms  DeleteObjects: 0.061875 ms)

========================================================================
Received Import Request.
  Time since last request: 69.823232 seconds.
  path: Assets/BasicScript.cs
  artifactKey: Guid(f006930a0686848c69889ae035267c56) Importer(815301076,1909f56bfc062723c751e8b465ee728b)
Start importing Assets/BasicScript.cs using Guid(f006930a0686848c69889ae035267c56) Importer(815301076,1909f56bfc062723c751e8b465ee728b)  -> (artifact id: '5df72d213d17684167a7897b3364260c') in 0.007696 seconds
  Import took 0.011580 seconds .

========================================================================
Received Import Request.
  Time since last request: 57.061609 seconds.
  path: Assets/BasicScript.cs
  artifactKey: Guid(f006930a0686848c69889ae035267c56) Importer(815301076,1909f56bfc062723c751e8b465ee728b)
Start importing Assets/BasicScript.cs using Guid(f006930a0686848c69889ae035267c56) Importer(815301076,1909f56bfc062723c751e8b465ee728b)  -> (artifact id: '66b3ee49a3cab4083218d17c03291960') in 0.001315 seconds
  Import took 0.004092 seconds .

========================================================================
Received Prepare
Registering precompiled user dll's ...
Registered in 0.000409 seconds.
Begin MonoManager ReloadAssembly
Native extension for OSXStandalone target not found
Refreshing native plugins compatible for Editor in 0.26 ms, found 1 plugins.
Preloading 0 native plugins for Editor in 0.00 ms.
Invoked RoslynAnalysisRunner static constructor.
RoslynAnalysisRunner will not be running.
RoslynAnalysisRunner has terminated.
Mono: successfully reloaded assembly
- Completed reload, in  1.062 seconds
Platform modules already initialized, skipping
Refreshing native plugins compatible for Editor in 0.26 ms, found 1 plugins.
Preloading 0 native plugins for Editor in 0.00 ms.
Unloading 1111 Unused Serialized files (Serialized files now loaded: 0)
System memory in use before: 124.6 MB.
System memory in use after: 124.7 MB.

Unloading 5 unused Assets to reduce memory usage. Loaded Objects now: 1587.
Total: 2.103222 ms (FindLiveObjects: 0.209606 ms CreateObjectMapping: 0.046925 ms MarkObjects: 1.787841 ms  DeleteObjects: 0.057288 ms)

========================================================================
Received Import Request.
  Time since last request: 77.415483 seconds.
  path: Assets/BasicScript.cs
  artifactKey: Guid(f006930a0686848c69889ae035267c56) Importer(815301076,1909f56bfc062723c751e8b465ee728b)
Start importing Assets/BasicScript.cs using Guid(f006930a0686848c69889ae035267c56) Importer(815301076,1909f56bfc062723c751e8b465ee728b)  -> (artifact id: 'b3c36753d9c25ef9a81d77c129aceff3') in 0.006523 seconds
  Import took 0.009352 seconds .

========================================================================
Received Prepare
Registering precompiled user dll's ...
Registered in 0.000372 seconds.
Begin MonoManager ReloadAssembly
Native extension for OSXStandalone target not found
Refreshing native plugins compatible for Editor in 0.27 ms, found 1 plugins.
Preloading 0 native plugins for Editor in 0.00 ms.
Invoked RoslynAnalysisRunner static constructor.
RoslynAnalysisRunner will not be running.
RoslynAnalysisRunner has terminated.
Mono: successfully reloaded assembly
- Completed reload, in  0.994 seconds
Platform modules already initialized, skipping
Refreshing native plugins compatible for Editor in 0.23 ms, found 1 plugins.
Preloading 0 native plugins for Editor in 0.00 ms.
Unloading 1111 Unused Serialized files (Serialized files now loaded: 0)
System memory in use before: 124.4 MB.
System memory in use after: 124.5 MB.

Unloading 5 unused Assets to reduce memory usage. Loaded Objects now: 1589.
Total: 2.061252 ms (FindLiveObjects: 0.220281 ms CreateObjectMapping: 0.044522 ms MarkObjects: 1.730027 ms  DeleteObjects: 0.064741 ms)

========================================================================
Received Prepare
Registering precompiled user dll's ...
Registered in 0.000330 seconds.
Begin MonoManager ReloadAssembly
Native extension for OSXStandalone target not found
Refreshing native plugins compatible for Editor in 0.24 ms, found 1 plugins.
Preloading 0 native plugins for Editor in 0.00 ms.
Invoked RoslynAnalysisRunner static constructor.
RoslynAnalysisRunner will not be running.
RoslynAnalysisRunner has terminated.
Mono: successfully reloaded assembly
- Completed reload, in  1.028 seconds
Platform modules already initialized, skipping
Refreshing native plugins compatible for Editor in 0.24 ms, found 1 plugins.
Preloading 0 native plugins for Editor in 0.00 ms.
Unloading 1111 Unused Serialized files (Serialized files now loaded: 0)
System memory in use before: 124.9 MB.
System memory in use after: 125.0 MB.

Unloading 5 unused Assets to reduce memory usage. Loaded Objects now: 1591.
Total: 2.061058 ms (FindLiveObjects: 0.170219 ms CreateObjectMapping: 0.041117 ms MarkObjects: 1.793746 ms  DeleteObjects: 0.053659 ms)

========================================================================
Received Prepare
Registering precompiled user dll's ...
Registered in 0.000460 seconds.
Begin MonoManager ReloadAssembly
Native extension for OSXStandalone target not found
Refreshing native plugins compatible for Editor in 0.26 ms, found 1 plugins.
Preloading 0 native plugins for Editor in 0.00 ms.
Invoked RoslynAnalysisRunner static constructor.
RoslynAnalysisRunner will not be running.
RoslynAnalysisRunner has terminated.
Mono: successfully reloaded assembly
- Completed reload, in  1.128 seconds
Platform modules already initialized, skipping
Refreshing native plugins compatible for Editor in 0.24 ms, found 1 plugins.
Preloading 0 native plugins for Editor in 0.00 ms.
Unloading 1111 Unused Serialized files (Serialized files now loaded: 0)
System memory in use before: 124.6 MB.
System memory in use after: 124.7 MB.

Unloading 5 unused Assets to reduce memory usage. Loaded Objects now: 1593.
Total: 1.901020 ms (FindLiveObjects: 0.216604 ms CreateObjectMapping: 0.054649 ms MarkObjects: 1.569749 ms  DeleteObjects: 0.059056 ms)

========================================================================
Received Prepare
Registering precompiled user dll's ...
Registered in 0.000407 seconds.
Begin MonoManager ReloadAssembly
Native extension for OSXStandalone target not found
Refreshing native plugins compatible for Editor in 0.28 ms, found 1 plugins.
Preloading 0 native plugins for Editor in 0.00 ms.
Invoked RoslynAnalysisRunner static constructor.
RoslynAnalysisRunner will not be running.
RoslynAnalysisRunner has terminated.
Mono: successfully reloaded assembly
- Completed reload, in  0.991 seconds
Platform modules already initialized, skipping
Refreshing native plugins compatible for Editor in 0.33 ms, found 1 plugins.
Preloading 0 native plugins for Editor in 0.00 ms.
Unloading 1111 Unused Serialized files (Serialized files now loaded: 0)
System memory in use before: 125.2 MB.
System memory in use after: 125.3 MB.

Unloading 5 unused Assets to reduce memory usage. Loaded Objects now: 1595.
Total: 1.807361 ms (FindLiveObjects: 0.150828 ms CreateObjectMapping: 0.040426 ms MarkObjects: 1.545363 ms  DeleteObjects: 0.056310 ms)

========================================================================
Received Import Request.
  Time since last request: 135.805119 seconds.
  path: Assets/BasicScript.cs
  artifactKey: Guid(f006930a0686848c69889ae035267c56) Importer(815301076,1909f56bfc062723c751e8b465ee728b)
Start importing Assets/BasicScript.cs using Guid(f006930a0686848c69889ae035267c56) Importer(815301076,1909f56bfc062723c751e8b465ee728b)  -> (artifact id: 'd33308ab989d465771e1ed1e2f0c18f6') in 0.005616 seconds
  Import took 0.008487 seconds .

========================================================================
Received Prepare
Registering precompiled user dll's ...
Registered in 0.000352 seconds.
Begin MonoManager ReloadAssembly
Native extension for OSXStandalone target not found
Refreshing native plugins compatible for Editor in 0.27 ms, found 1 plugins.
Preloading 0 native plugins for Editor in 0.00 ms.
Invoked RoslynAnalysisRunner static constructor.
RoslynAnalysisRunner will not be running.
RoslynAnalysisRunner has terminated.
Mono: successfully reloaded assembly
- Completed reload, in  1.045 seconds
Platform modules already initialized, skipping
Refreshing native plugins compatible for Editor in 0.25 ms, found 1 plugins.
Preloading 0 native plugins for Editor in 0.00 ms.
Unloading 1111 Unused Serialized files (Serialized files now loaded: 0)
System memory in use before: 125.5 MB.
System memory in use after: 125.5 MB.

Unloading 5 unused Assets to reduce memory usage. Loaded Objects now: 1597.
Total: 2.037735 ms (FindLiveObjects: 0.263905 ms CreateObjectMapping: 0.043592 ms MarkObjects: 1.674525 ms  DeleteObjects: 0.054370 ms)

========================================================================
Received Import Request.
  Time since last request: 178.758673 seconds.
  path: Assets/BasicScript.cs
  artifactKey: Guid(f006930a0686848c69889ae035267c56) Importer(815301076,1909f56bfc062723c751e8b465ee728b)
Start importing Assets/BasicScript.cs using Guid(f006930a0686848c69889ae035267c56) Importer(815301076,1909f56bfc062723c751e8b465ee728b)  -> (artifact id: 'f5d7aeaab3f54cd48b5e0bfce02de4ef') in 0.005528 seconds
  Import took 0.008087 seconds .

========================================================================
Received Prepare
Registering precompiled user dll's ...
Registered in 0.000322 seconds.
Begin MonoManager ReloadAssembly
Native extension for OSXStandalone target not found
Refreshing native plugins compatible for Editor in 0.30 ms, found 1 plugins.
Preloading 0 native plugins for Editor in 0.00 ms.
Invoked RoslynAnalysisRunner static constructor.
RoslynAnalysisRunner will not be running.
RoslynAnalysisRunner has terminated.
Mono: successfully reloaded assembly
- Completed reload, in  1.045 seconds
Platform modules already initialized, skipping
Refreshing native plugins compatible for Editor in 0.32 ms, found 1 plugins.
Preloading 0 native plugins for Editor in 0.00 ms.
Unloading 1111 Unused Serialized files (Serialized files now loaded: 0)
System memory in use before: 125.5 MB.
System memory in use after: 125.6 MB.

Unloading 5 unused Assets to reduce memory usage. Loaded Objects now: 1599.
Total: 2.301431 ms (FindLiveObjects: 0.186629 ms CreateObjectMapping: 0.056849 ms MarkObjects: 2.003822 ms  DeleteObjects: 0.052777 ms)

========================================================================
Received Prepare
Registering precompiled user dll's ...
Registered in 0.000438 seconds.
Begin MonoManager ReloadAssembly
Native extension for OSXStandalone target not found
Refreshing native plugins compatible for Editor in 0.24 ms, found 1 plugins.
Preloading 0 native plugins for Editor in 0.00 ms.
Invoked RoslynAnalysisRunner static constructor.
RoslynAnalysisRunner will not be running.
RoslynAnalysisRunner has terminated.
Mono: successfully reloaded assembly
- Completed reload, in  0.991 seconds
Platform modules already initialized, skipping
Refreshing native plugins compatible for Editor in 0.26 ms, found 1 plugins.
Preloading 0 native plugins for Editor in 0.00 ms.
Unloading 1111 Unused Serialized files (Serialized files now loaded: 0)
System memory in use before: 125.8 MB.
System memory in use after: 125.9 MB.

Unloading 5 unused Assets to reduce memory usage. Loaded Objects now: 1601.
Total: 1.968715 ms (FindLiveObjects: 0.235137 ms CreateObjectMapping: 0.044924 ms MarkObjects: 1.598499 ms  DeleteObjects: 0.088876 ms)

========================================================================
Received Import Request.
  Time since last request: 184.303387 seconds.
  path: Assets/BasicScript.cs
  artifactKey: Guid(f006930a0686848c69889ae035267c56) Importer(815301076,1909f56bfc062723c751e8b465ee728b)
Start importing Assets/BasicScript.cs using Guid(f006930a0686848c69889ae035267c56) Importer(815301076,1909f56bfc062723c751e8b465ee728b)  -> (artifact id: '105248e85b23477be1c2ee2cf8576e41') in 0.005335 seconds
  Import took 0.007676 seconds .

========================================================================
Received Prepare
Registering precompiled user dll's ...
Registered in 0.000443 seconds.
Begin MonoManager ReloadAssembly
Native extension for OSXStandalone target not found
Refreshing native plugins compatible for Editor in 0.26 ms, found 1 plugins.
Preloading 0 native plugins for Editor in 0.00 ms.
Invoked RoslynAnalysisRunner static constructor.
RoslynAnalysisRunner will not be running.
RoslynAnalysisRunner has terminated.
Mono: successfully reloaded assembly
- Completed reload, in  0.972 seconds
Platform modules already initialized, skipping
Refreshing native plugins compatible for Editor in 0.24 ms, found 1 plugins.
Preloading 0 native plugins for Editor in 0.00 ms.
Unloading 1111 Unused Serialized files (Serialized files now loaded: 0)
System memory in use before: 125.7 MB.
System memory in use after: 125.8 MB.

Unloading 5 unused Assets to reduce memory usage. Loaded Objects now: 1603.
Total: 1.954618 ms (FindLiveObjects: 0.199520 ms CreateObjectMapping: 0.041401 ms MarkObjects: 1.658731 ms  DeleteObjects: 0.053804 ms)

========================================================================
Received Import Request.
  Time since last request: 9.312617 seconds.
  path: Assets/BasicScript.cs
  artifactKey: Guid(f006930a0686848c69889ae035267c56) Importer(815301076,1909f56bfc062723c751e8b465ee728b)
Start importing Assets/BasicScript.cs using Guid(f006930a0686848c69889ae035267c56) Importer(815301076,1909f56bfc062723c751e8b465ee728b)  -> (artifact id: 'b74ef02244fdddf6013e3e234d2cc391') in 0.006063 seconds
  Import took 0.008722 seconds .

========================================================================
Received Prepare
Registering precompiled user dll's ...
Registered in 0.000390 seconds.
Begin MonoManager ReloadAssembly
Native extension for OSXStandalone target not found
Refreshing native plugins compatible for Editor in 0.25 ms, found 1 plugins.
Preloading 0 native plugins for Editor in 0.00 ms.
Invoked RoslynAnalysisRunner static constructor.
RoslynAnalysisRunner will not be running.
RoslynAnalysisRunner has terminated.
Mono: successfully reloaded assembly
- Completed reload, in  0.985 seconds
Platform modules already initialized, skipping
Refreshing native plugins compatible for Editor in 0.25 ms, found 1 plugins.
Preloading 0 native plugins for Editor in 0.00 ms.
Unloading 1111 Unused Serialized files (Serialized files now loaded: 0)
System memory in use before: 126.1 MB.
System memory in use after: 126.2 MB.

Unloading 5 unused Assets to reduce memory usage. Loaded Objects now: 1605.
Total: 2.007927 ms (FindLiveObjects: 0.212665 ms CreateObjectMapping: 0.041241 ms MarkObjects: 1.687838 ms  DeleteObjects: 0.064339 ms)

========================================================================
Received Prepare
Registering precompiled user dll's ...
Registered in 0.000300 seconds.
Begin MonoManager ReloadAssembly
Native extension for OSXStandalone target not found
Refreshing native plugins compatible for Editor in 0.30 ms, found 1 plugins.
Preloading 0 native plugins for Editor in 0.00 ms.
Invoked RoslynAnalysisRunner static constructor.
RoslynAnalysisRunner will not be running.
RoslynAnalysisRunner has terminated.
Mono: successfully reloaded assembly
- Completed reload, in  1.074 seconds
Platform modules already initialized, skipping
Refreshing native plugins compatible for Editor in 0.25 ms, found 1 plugins.
Preloading 0 native plugins for Editor in 0.00 ms.
Unloading 1111 Unused Serialized files (Serialized files now loaded: 0)
System memory in use before: 126.0 MB.
System memory in use after: 126.1 MB.

Unloading 5 unused Assets to reduce memory usage. Loaded Objects now: 1607.
Total: 2.503256 ms (FindLiveObjects: 0.344444 ms CreateObjectMapping: 0.069919 ms MarkObjects: 2.023579 ms  DeleteObjects: 0.063251 ms)

========================================================================
Received Prepare
Registering precompiled user dll's ...
Registered in 0.000456 seconds.
Begin MonoManager ReloadAssembly
Native extension for OSXStandalone target not found
Refreshing native plugins compatible for Editor in 0.26 ms, found 1 plugins.
Preloading 0 native plugins for Editor in 0.00 ms.
Invoked RoslynAnalysisRunner static constructor.
RoslynAnalysisRunner will not be running.
RoslynAnalysisRunner has terminated.
Mono: successfully reloaded assembly
- Completed reload, in  1.025 seconds
Platform modules already initialized, skipping
Refreshing native plugins compatible for Editor in 0.30 ms, found 1 plugins.
Preloading 0 native plugins for Editor in 0.00 ms.
Unloading 1111 Unused Serialized files (Serialized files now loaded: 0)
System memory in use before: 126.4 MB.
System memory in use after: 126.5 MB.

Unloading 5 unused Assets to reduce memory usage. Loaded Objects now: 1609.
Total: 2.091200 ms (FindLiveObjects: 0.183419 ms CreateObjectMapping: 0.038547 ms MarkObjects: 1.794803 ms  DeleteObjects: 0.072675 ms)

========================================================================
Received Prepare
Registering precompiled user dll's ...
Registered in 0.000317 seconds.
Begin MonoManager ReloadAssembly
Native extension for OSXStandalone target not found
Refreshing native plugins compatible for Editor in 0.25 ms, found 1 plugins.
Preloading 0 native plugins for Editor in 0.00 ms.
Invoked RoslynAnalysisRunner static constructor.
RoslynAnalysisRunner will not be running.
RoslynAnalysisRunner has terminated.
Mono: successfully reloaded assembly
- Completed reload, in  1.056 seconds
Platform modules already initialized, skipping
Refreshing native plugins compatible for Editor in 0.31 ms, found 1 plugins.
Preloading 0 native plugins for Editor in 0.00 ms.
Unloading 1111 Unused Serialized files (Serialized files now loaded: 0)
System memory in use before: 126.2 MB.
System memory in use after: 126.3 MB.

Unloading 5 unused Assets to reduce memory usage. Loaded Objects now: 1611.
Total: 1.894557 ms (FindLiveObjects: 0.174027 ms CreateObjectMapping: 0.039522 ms MarkObjects: 1.631024 ms  DeleteObjects: 0.048987 ms)

========================================================================
Received Prepare
Registering precompiled user dll's ...
Registered in 0.000409 seconds.
Begin MonoManager ReloadAssembly
Native extension for OSXStandalone target not found
Refreshing native plugins compatible for Editor in 0.48 ms, found 1 plugins.
Preloading 0 native plugins for Editor in 0.00 ms.
Invoked RoslynAnalysisRunner static constructor.
RoslynAnalysisRunner will not be running.
RoslynAnalysisRunner has terminated.
Mono: successfully reloaded assembly
- Completed reload, in  1.012 seconds
Platform modules already initialized, skipping
Refreshing native plugins compatible for Editor in 0.24 ms, found 1 plugins.
Preloading 0 native plugins for Editor in 0.00 ms.
Unloading 1111 Unused Serialized files (Serialized files now loaded: 0)
System memory in use before: 126.8 MB.
System memory in use after: 126.9 MB.

Unloading 5 unused Assets to reduce memory usage. Loaded Objects now: 1613.
Total: 1.782124 ms (FindLiveObjects: 0.189909 ms CreateObjectMapping: 0.040957 ms MarkObjects: 1.494009 ms  DeleteObjects: 0.056024 ms)

========================================================================
Received Prepare
Registering precompiled user dll's ...
Registered in 0.000308 seconds.
Begin MonoManager ReloadAssembly
Native extension for OSXStandalone target not found
Refreshing native plugins compatible for Editor in 0.28 ms, found 1 plugins.
Preloading 0 native plugins for Editor in 0.00 ms.
Invoked RoslynAnalysisRunner static constructor.
RoslynAnalysisRunner will not be running.
RoslynAnalysisRunner has terminated.
Mono: successfully reloaded assembly
- Completed reload, in  1.015 seconds
Platform modules already initialized, skipping
Refreshing native plugins compatible for Editor in 0.26 ms, found 1 plugins.
Preloading 0 native plugins for Editor in 0.00 ms.
Unloading 1111 Unused Serialized files (Serialized files now loaded: 0)
System memory in use before: 126.5 MB.
System memory in use after: 126.6 MB.

Unloading 5 unused Assets to reduce memory usage. Loaded Objects now: 1615.
Total: 1.798175 ms (FindLiveObjects: 0.222321 ms CreateObjectMapping: 0.038051 ms MarkObjects: 1.482839 ms  DeleteObjects: 0.053879 ms)

========================================================================
Received Prepare
Registering precompiled user dll's ...
Registered in 0.000363 seconds.
Begin MonoManager ReloadAssembly
Native extension for OSXStandalone target not found
Refreshing native plugins compatible for Editor in 0.27 ms, found 1 plugins.
Preloading 0 native plugins for Editor in 0.00 ms.
Invoked RoslynAnalysisRunner static constructor.
RoslynAnalysisRunner will not be running.
RoslynAnalysisRunner has terminated.
Mono: successfully reloaded assembly
- Completed reload, in  1.036 seconds
Platform modules already initialized, skipping
Refreshing native plugins compatible for Editor in 0.23 ms, found 1 plugins.
Preloading 0 native plugins for Editor in 0.00 ms.
Unloading 1111 Unused Serialized files (Serialized files now loaded: 0)
System memory in use before: 127.1 MB.
System memory in use after: 127.2 MB.

Unloading 5 unused Assets to reduce memory usage. Loaded Objects now: 1617.
Total: 2.119503 ms (FindLiveObjects: 0.250290 ms CreateObjectMapping: 0.066992 ms MarkObjects: 1.740065 ms  DeleteObjects: 0.060974 ms)

========================================================================
Received Prepare
Registering precompiled user dll's ...
Registered in 0.000452 seconds.
Begin MonoManager ReloadAssembly
Native extension for OSXStandalone target not found
Refreshing native plugins compatible for Editor in 0.26 ms, found 1 plugins.
Preloading 0 native plugins for Editor in 0.00 ms.
Invoked RoslynAnalysisRunner static constructor.
RoslynAnalysisRunner will not be running.
RoslynAnalysisRunner has terminated.
Mono: successfully reloaded assembly
- Completed reload, in  1.056 seconds
Platform modules already initialized, skipping
Refreshing native plugins compatible for Editor in 0.29 ms, found 1 plugins.
Preloading 0 native plugins for Editor in 0.00 ms.
Unloading 1111 Unused Serialized files (Serialized files now loaded: 0)
System memory in use before: 127.8 MB.
System memory in use after: 127.9 MB.

Unloading 5 unused Assets to reduce memory usage. Loaded Objects now: 1619.
Total: 2.026137 ms (FindLiveObjects: 0.210085 ms CreateObjectMapping: 0.061566 ms MarkObjects: 1.700844 ms  DeleteObjects: 0.052422 ms)

========================================================================
Received Prepare
Registering precompiled user dll's ...
Registered in 0.000366 seconds.
Begin MonoManager ReloadAssembly
Native extension for OSXStandalone target not found
Refreshing native plugins compatible for Editor in 0.24 ms, found 1 plugins.
Preloading 0 native plugins for Editor in 0.00 ms.
Invoked RoslynAnalysisRunner static constructor.
RoslynAnalysisRunner will not be running.
RoslynAnalysisRunner has terminated.
Mono: successfully reloaded assembly
- Completed reload, in  1.013 seconds
Platform modules already initialized, skipping
Refreshing native plugins compatible for Editor in 0.23 ms, found 1 plugins.
Preloading 0 native plugins for Editor in 0.00 ms.
Unloading 1111 Unused Serialized files (Serialized files now loaded: 0)
System memory in use before: 127.5 MB.
System memory in use after: 127.5 MB.

Unloading 5 unused Assets to reduce memory usage. Loaded Objects now: 1621.
Total: 1.892107 ms (FindLiveObjects: 0.187606 ms CreateObjectMapping: 0.040581 ms MarkObjects: 1.599441 ms  DeleteObjects: 0.063384 ms)

========================================================================
Received Import Request.
  Time since last request: 1881.205781 seconds.
  path: Assets/CameraTracking.cs
  artifactKey: Guid(fc6c2273632964479854f93dfec2a8ec) Importer(815301076,1909f56bfc062723c751e8b465ee728b)
Start importing Assets/CameraTracking.cs using Guid(fc6c2273632964479854f93dfec2a8ec) Importer(815301076,1909f56bfc062723c751e8b465ee728b)  -> (artifact id: 'afbd11e4197570c4c9701290feec2f61') in 0.005266 seconds
  Import took 0.007775 seconds .

========================================================================
Received Prepare
Registering precompiled user dll's ...
Registered in 0.000334 seconds.
Begin MonoManager ReloadAssembly
Native extension for OSXStandalone target not found
Refreshing native plugins compatible for Editor in 0.40 ms, found 1 plugins.
Preloading 0 native plugins for Editor in 0.00 ms.
Invoked RoslynAnalysisRunner static constructor.
RoslynAnalysisRunner will not be running.
RoslynAnalysisRunner has terminated.
Mono: successfully reloaded assembly
- Completed reload, in  1.043 seconds
Platform modules already initialized, skipping
Refreshing native plugins compatible for Editor in 0.24 ms, found 1 plugins.
Preloading 0 native plugins for Editor in 0.00 ms.
Unloading 1112 Unused Serialized files (Serialized files now loaded: 0)
System memory in use before: 127.7 MB.
System memory in use after: 127.8 MB.

Unloading 5 unused Assets to reduce memory usage. Loaded Objects now: 1624.
Total: 1.832140 ms (FindLiveObjects: 0.173435 ms CreateObjectMapping: 0.040584 ms MarkObjects: 1.552884 ms  DeleteObjects: 0.063057 ms)

========================================================================
Received Import Request.
  Time since last request: 50.966108 seconds.
  path: Assets/CameraTracking.cs
  artifactKey: Guid(fc6c2273632964479854f93dfec2a8ec) Importer(815301076,1909f56bfc062723c751e8b465ee728b)
Start importing Assets/CameraTracking.cs using Guid(fc6c2273632964479854f93dfec2a8ec) Importer(815301076,1909f56bfc062723c751e8b465ee728b)  -> (artifact id: '03d84780af2de29e53d0d9c22dbd6198') in 0.006025 seconds
  Import took 0.008748 seconds .

========================================================================
Received Prepare
Registering precompiled user dll's ...
Registered in 0.000398 seconds.
Begin MonoManager ReloadAssembly
Native extension for OSXStandalone target not found
Refreshing native plugins compatible for Editor in 0.24 ms, found 1 plugins.
Preloading 0 native plugins for Editor in 0.00 ms.
Invoked RoslynAnalysisRunner static constructor.
RoslynAnalysisRunner will not be running.
RoslynAnalysisRunner has terminated.
Mono: successfully reloaded assembly
- Completed reload, in  1.001 seconds
Platform modules already initialized, skipping
Refreshing native plugins compatible for Editor in 0.24 ms, found 1 plugins.
Preloading 0 native plugins for Editor in 0.00 ms.
Unloading 1112 Unused Serialized files (Serialized files now loaded: 0)
System memory in use before: 127.7 MB.
System memory in use after: 127.8 MB.

Unloading 5 unused Assets to reduce memory usage. Loaded Objects now: 1626.
Total: 2.137940 ms (FindLiveObjects: 0.254786 ms CreateObjectMapping: 0.061500 ms MarkObjects: 1.753567 ms  DeleteObjects: 0.066348 ms)

========================================================================
Received Import Request.
  Time since last request: 59.102196 seconds.
  path: Assets/CameraTracking.cs
  artifactKey: Guid(fc6c2273632964479854f93dfec2a8ec) Importer(815301076,1909f56bfc062723c751e8b465ee728b)
Start importing Assets/CameraTracking.cs using Guid(fc6c2273632964479854f93dfec2a8ec) Importer(815301076,1909f56bfc062723c751e8b465ee728b)  -> (artifact id: '05f4d80a6f17592a34927871b6b3944d') in 0.006272 seconds
  Import took 0.008794 seconds .

========================================================================
Received Prepare
Registering precompiled user dll's ...
Registered in 0.000388 seconds.
Begin MonoManager ReloadAssembly
Native extension for OSXStandalone target not found
Refreshing native plugins compatible for Editor in 0.24 ms, found 1 plugins.
Preloading 0 native plugins for Editor in 0.00 ms.
Invoked RoslynAnalysisRunner static constructor.
RoslynAnalysisRunner will not be running.
RoslynAnalysisRunner has terminated.
Mono: successfully reloaded assembly
- Completed reload, in  1.018 seconds
Platform modules already initialized, skipping
Refreshing native plugins compatible for Editor in 0.26 ms, found 1 plugins.
Preloading 0 native plugins for Editor in 0.00 ms.
Unloading 1112 Unused Serialized files (Serialized files now loaded: 0)
System memory in use before: 128.1 MB.
System memory in use after: 128.1 MB.

Unloading 5 unused Assets to reduce memory usage. Loaded Objects now: 1628.
Total: 2.146919 ms (FindLiveObjects: 0.241003 ms CreateObjectMapping: 0.042862 ms MarkObjects: 1.799977 ms  DeleteObjects: 0.061422 ms)

========================================================================
Received Prepare
Registering precompiled user dll's ...
Registered in 0.000397 seconds.
Begin MonoManager ReloadAssembly
Native extension for OSXStandalone target not found
Refreshing native plugins compatible for Editor in 0.24 ms, found 1 plugins.
Preloading 0 native plugins for Editor in 0.00 ms.
Invoked RoslynAnalysisRunner static constructor.
RoslynAnalysisRunner will not be running.
RoslynAnalysisRunner has terminated.
Mono: successfully reloaded assembly
- Completed reload, in  1.016 seconds
Platform modules already initialized, skipping
Refreshing native plugins compatible for Editor in 0.25 ms, found 1 plugins.
Preloading 0 native plugins for Editor in 0.00 ms.
Unloading 1112 Unused Serialized files (Serialized files now loaded: 0)
System memory in use before: 128.0 MB.
System memory in use after: 128.1 MB.

Unloading 5 unused Assets to reduce memory usage. Loaded Objects now: 1630.
Total: 2.129678 ms (FindLiveObjects: 0.220148 ms CreateObjectMapping: 0.041768 ms MarkObjects: 1.800691 ms  DeleteObjects: 0.064418 ms)

========================================================================
Received Prepare
Registering precompiled user dll's ...
Registered in 0.000359 seconds.
Begin MonoManager ReloadAssembly
Native extension for OSXStandalone target not found
Refreshing native plugins compatible for Editor in 0.30 ms, found 1 plugins.
Preloading 0 native plugins for Editor in 0.00 ms.
Invoked RoslynAnalysisRunner static constructor.
RoslynAnalysisRunner will not be running.
RoslynAnalysisRunner has terminated.
Mono: successfully reloaded assembly
- Completed reload, in  1.022 seconds
Platform modules already initialized, skipping
Refreshing native plugins compatible for Editor in 0.23 ms, found 1 plugins.
Preloading 0 native plugins for Editor in 0.00 ms.
Unloading 1112 Unused Serialized files (Serialized files now loaded: 0)
System memory in use before: 128.4 MB.
System memory in use after: 128.5 MB.

Unloading 5 unused Assets to reduce memory usage. Loaded Objects now: 1632.
Total: 1.990849 ms (FindLiveObjects: 0.206900 ms CreateObjectMapping: 0.043084 ms MarkObjects: 1.678135 ms  DeleteObjects: 0.060117 ms)

========================================================================
Received Import Request.
  Time since last request: 524.169384 seconds.
  path: Assets/BasicScript.cs
  artifactKey: Guid(f006930a0686848c69889ae035267c56) Importer(815301076,1909f56bfc062723c751e8b465ee728b)
Start importing Assets/BasicScript.cs using Guid(f006930a0686848c69889ae035267c56) Importer(815301076,1909f56bfc062723c751e8b465ee728b)  -> (artifact id: '0efc1d34b13a51a6327dbf2de5ffbaad') in 0.005158 seconds
  Import took 0.007601 seconds .

========================================================================
Received Prepare
Registering precompiled user dll's ...
Registered in 0.000609 seconds.
Begin MonoManager ReloadAssembly
Native extension for OSXStandalone target not found
Refreshing native plugins compatible for Editor in 0.28 ms, found 1 plugins.
Preloading 0 native plugins for Editor in 0.00 ms.
Invoked RoslynAnalysisRunner static constructor.
RoslynAnalysisRunner will not be running.
RoslynAnalysisRunner has terminated.
Mono: successfully reloaded assembly
- Completed reload, in  1.052 seconds
Platform modules already initialized, skipping
Refreshing native plugins compatible for Editor in 0.25 ms, found 1 plugins.
Preloading 0 native plugins for Editor in 0.00 ms.
Unloading 1112 Unused Serialized files (Serialized files now loaded: 0)
System memory in use before: 128.2 MB.
System memory in use after: 128.3 MB.

Unloading 5 unused Assets to reduce memory usage. Loaded Objects now: 1634.
Total: 1.919222 ms (FindLiveObjects: 0.170540 ms CreateObjectMapping: 0.037151 ms MarkObjects: 1.648437 ms  DeleteObjects: 0.061595 ms)

========================================================================
Received Import Request.
  Time since last request: 90.205682 seconds.
  path: Assets/BasicScript.cs
  artifactKey: Guid(f006930a0686848c69889ae035267c56) Importer(815301076,1909f56bfc062723c751e8b465ee728b)
Start importing Assets/BasicScript.cs using Guid(f006930a0686848c69889ae035267c56) Importer(815301076,1909f56bfc062723c751e8b465ee728b)  -> (artifact id: '76278b0f744867bc3e916e5d4b47ba37') in 0.004930 seconds
  Import took 0.007245 seconds .

========================================================================
Received Prepare
Registering precompiled user dll's ...
Registered in 0.000394 seconds.
Begin MonoManager ReloadAssembly
Native extension for OSXStandalone target not found
Refreshing native plugins compatible for Editor in 0.27 ms, found 1 plugins.
Preloading 0 native plugins for Editor in 0.00 ms.
Invoked RoslynAnalysisRunner static constructor.
RoslynAnalysisRunner will not be running.
RoslynAnalysisRunner has terminated.
Mono: successfully reloaded assembly
- Completed reload, in  1.064 seconds
Platform modules already initialized, skipping
Refreshing native plugins compatible for Editor in 0.30 ms, found 1 plugins.
Preloading 0 native plugins for Editor in 0.00 ms.
Unloading 1112 Unused Serialized files (Serialized files now loaded: 0)
System memory in use before: 128.7 MB.
System memory in use after: 128.8 MB.

Unloading 5 unused Assets to reduce memory usage. Loaded Objects now: 1636.
Total: 2.486432 ms (FindLiveObjects: 0.254175 ms CreateObjectMapping: 0.046035 ms MarkObjects: 2.076745 ms  DeleteObjects: 0.106876 ms)

========================================================================
Received Prepare
Registering precompiled user dll's ...
Registered in 0.000364 seconds.
Begin MonoManager ReloadAssembly
Native extension for OSXStandalone target not found
Refreshing native plugins compatible for Editor in 0.24 ms, found 1 plugins.
Preloading 0 native plugins for Editor in 0.00 ms.
Invoked RoslynAnalysisRunner static constructor.
RoslynAnalysisRunner will not be running.
RoslynAnalysisRunner has terminated.
Mono: successfully reloaded assembly
- Completed reload, in  1.064 seconds
Platform modules already initialized, skipping
Refreshing native plugins compatible for Editor in 0.24 ms, found 1 plugins.
Preloading 0 native plugins for Editor in 0.00 ms.
Unloading 1112 Unused Serialized files (Serialized files now loaded: 0)
System memory in use before: 128.5 MB.
System memory in use after: 128.6 MB.

Unloading 5 unused Assets to reduce memory usage. Loaded Objects now: 1638.
Total: 1.955763 ms (FindLiveObjects: 0.182456 ms CreateObjectMapping: 0.052882 ms MarkObjects: 1.665698 ms  DeleteObjects: 0.052399 ms)

