Using pre-set license

 COMMAND LINE ARGUMENTS:
/Applications/Unity/Hub/Editor/2020.2.1f1/Unity.app/Contents/MacOS/Unity
-adb2
-batchMode
-noUpm
-name
AssetImportWorker0
-projectPath
/Users/AmandaClement/Desktop/CONCORDIA/Unity/cart315/prototype1
-logFile
Logs/AssetImportWorker0.log
-srvPort
49996
Successfully changed project path to: /Users/AmandaClement/Desktop/CONCORDIA/Unity/cart315/prototype1
/Users/AmandaClement/Desktop/CONCORDIA/Unity/cart315/prototype1
Using Asset Import Pipeline V2.
Refreshing native plugins compatible for Editor in 27.17 ms, found 1 plugins.
Preloading 0 native plugins for Editor in 0.00 ms.
Initialize engine version: 2020.2.1f1 (270dd8c3da1c)
[Subsystems] Discovering subsystems at path /Applications/Unity/Hub/Editor/2020.2.1f1/Unity.app/Contents/Resources/UnitySubsystems
[Subsystems] Discovering subsystems at path /Users/AmandaClement/Desktop/CONCORDIA/Unity/cart315/prototype1/Assets
GfxDevice: creating device client; threaded=0
2021-02-04 14:35:29.442 Unity[2888:64146] Color LCD preferred device: AMD Radeon R9 M370X (high power)
2021-02-04 14:35:29.442 Unity[2888:64146] Metal devices available: 2
2021-02-04 14:35:29.442 Unity[2888:64146] 0: AMD Radeon R9 M370X (high power)
2021-02-04 14:35:29.442 Unity[2888:64146] 1: Intel Iris Pro Graphics (low power)
2021-02-04 14:35:29.444 Unity[2888:64146] Using device AMD Radeon R9 M370X (high power)
Initializing Metal device caps: AMD Radeon R9 M370X
Initialize mono
Mono path[0] = '/Applications/Unity/Hub/Editor/2020.2.1f1/Unity.app/Contents/Managed'
Mono path[1] = '/Applications/Unity/Hub/Editor/2020.2.1f1/Unity.app/Contents/MonoBleedingEdge/lib/mono/unityjit'
Mono config path = '/Applications/Unity/Hub/Editor/2020.2.1f1/Unity.app/Contents/MonoBleedingEdge/etc'
Using monoOptions --debugger-agent=transport=dt_socket,embedding=1,server=y,suspend=n,address=127.0.0.1:56888
Begin MonoManager ReloadAssembly
Registering precompiled unity dll's ...
Register platform support module: /Applications/Unity/Hub/Editor/2020.2.1f1/Unity.app/Contents/PlaybackEngines/MacStandaloneSupport/UnityEditor.OSXStandalone.Extensions.dll
Registered in 0.000358 seconds.
Native extension for OSXStandalone target not found
Refreshing native plugins compatible for Editor in 26.05 ms, found 1 plugins.
Preloading 0 native plugins for Editor in 0.00 ms.
Invoked RoslynAnalysisRunner static constructor.
RoslynAnalysisRunner will not be running.
RoslynAnalysisRunner has terminated.
Mono: successfully reloaded assembly
- Completed reload, in  1.568 seconds
Platform modules already initialized, skipping
Registering precompiled user dll's ...
Registered in 0.000314 seconds.
Begin MonoManager ReloadAssembly
Native extension for OSXStandalone target not found
Refreshing native plugins compatible for Editor in 0.25 ms, found 1 plugins.
Preloading 0 native plugins for Editor in 0.00 ms.
Invoked RoslynAnalysisRunner static constructor.
RoslynAnalysisRunner will not be running.
RoslynAnalysisRunner has terminated.
Mono: successfully reloaded assembly
- Completed reload, in  0.990 seconds
Platform modules already initialized, skipping
========================================================================
Worker process is ready to serve import requests
Launching external process: /Applications/Unity/Hub/Editor/2020.2.1f1/Unity.app/Contents/Tools/UnityShaderCompiler
Launched and connected shader compiler UnityShaderCompiler after 0.02 seconds
Refreshing native plugins compatible for Editor in 0.25 ms, found 1 plugins.
Preloading 0 native plugins for Editor in 0.00 ms.
Unloading 1092 Unused Serialized files (Serialized files now loaded: 0)
System memory in use before: 107.9 MB.
System memory in use after: 108.0 MB.

Unloading 9 unused Assets to reduce memory usage. Loaded Objects now: 1534.
Total: 2.247490 ms (FindLiveObjects: 0.240590 ms CreateObjectMapping: 0.051859 ms MarkObjects: 1.896809 ms  DeleteObjects: 0.057114 ms)

========================================================================
Received Import Request.
  path: Assets/Invector-3rdPersonController_LITE/Prefabs/vThirdPersonCamera_LITE.prefab
  artifactKey: Guid(330efb0e9eed825408809c121441b8a5) Importer(815301076,1909f56bfc062723c751e8b465ee728b)
Start importing Assets/Invector-3rdPersonController_LITE/Prefabs/vThirdPersonCamera_LITE.prefab using Guid(330efb0e9eed825408809c121441b8a5) Importer(815301076,1909f56bfc062723c751e8b465ee728b)  -> (artifact id: '774a3d34a493dd5f376a69a3ee047399') in 0.228600 seconds
  Import took 0.231005 seconds .

========================================================================
Received Import Request.
  Time since last request: 0.000184 seconds.
  path: Assets/Invector-3rdPersonController_LITE/Prefabs/ThirdPersonController_LITE.prefab
  artifactKey: Guid(fc9b148a2950aaf4cba8422632222c5d) Importer(815301076,1909f56bfc062723c751e8b465ee728b)
Start importing Assets/Invector-3rdPersonController_LITE/Prefabs/ThirdPersonController_LITE.prefab using Guid(fc9b148a2950aaf4cba8422632222c5d) Importer(815301076,1909f56bfc062723c751e8b465ee728b)  -> (artifact id: '0fec1e8bee202614f9440d295bce9815') in 0.586567 seconds
  Import took 0.592912 seconds .

========================================================================
Received Prepare
Registering precompiled user dll's ...
Registered in 0.000358 seconds.
Begin MonoManager ReloadAssembly
Native extension for OSXStandalone target not found
Refreshing native plugins compatible for Editor in 0.26 ms, found 1 plugins.
Preloading 0 native plugins for Editor in 0.00 ms.
Invoked RoslynAnalysisRunner static constructor.
RoslynAnalysisRunner will not be running.
RoslynAnalysisRunner has terminated.
Mono: successfully reloaded assembly
- Completed reload, in  1.128 seconds
Platform modules already initialized, skipping
Refreshing native plugins compatible for Editor in 0.26 ms, found 1 plugins.
Preloading 0 native plugins for Editor in 0.00 ms.
Unloading 1087 Unused Serialized files (Serialized files now loaded: 0)
System memory in use before: 127.2 MB.
System memory in use after: 127.3 MB.

Unloading 4 unused Assets to reduce memory usage. Loaded Objects now: 1544.
Total: 2.139597 ms (FindLiveObjects: 0.181186 ms CreateObjectMapping: 0.074061 ms MarkObjects: 1.868635 ms  DeleteObjects: 0.014351 ms)

========================================================================
Received Prepare
Registering precompiled user dll's ...
Registered in 0.000418 seconds.
Begin MonoManager ReloadAssembly
Native extension for OSXStandalone target not found
Refreshing native plugins compatible for Editor in 0.27 ms, found 1 plugins.
Preloading 0 native plugins for Editor in 0.00 ms.
Invoked RoslynAnalysisRunner static constructor.
RoslynAnalysisRunner will not be running.
RoslynAnalysisRunner has terminated.
Mono: successfully reloaded assembly
- Completed reload, in  1.018 seconds
Platform modules already initialized, skipping
Refreshing native plugins compatible for Editor in 0.27 ms, found 1 plugins.
Preloading 0 native plugins for Editor in 0.00 ms.
Unloading 1087 Unused Serialized files (Serialized files now loaded: 0)
System memory in use before: 127.6 MB.
System memory in use after: 127.7 MB.

Unloading 4 unused Assets to reduce memory usage. Loaded Objects now: 1546.
Total: 1.768711 ms (FindLiveObjects: 0.181803 ms CreateObjectMapping: 0.039294 ms MarkObjects: 1.533568 ms  DeleteObjects: 0.012735 ms)

========================================================================
Received Prepare
Registering precompiled user dll's ...
Registered in 0.000602 seconds.
Begin MonoManager ReloadAssembly
Native extension for OSXStandalone target not found
Refreshing native plugins compatible for Editor in 0.31 ms, found 1 plugins.
Preloading 0 native plugins for Editor in 0.00 ms.
Warning: Annotation not found!
UnityEngine.StackTraceUtility:ExtractStackTrace () (at /Users/bokken/buildslave/unity/build/Runtime/Export/Scripting/StackTrace.cs:37)
UnityEditor.ProBuilder.EditorUtility:SetGizmoIconEnabled (System.Type,bool) (at Library/PackageCache/com.unity.probuilder@4.4.0/Editor/EditorCore/EditorUtility.cs:593)
UnityEditor.ProBuilder.HierarchyListener:.cctor () (at Library/PackageCache/com.unity.probuilder@4.4.0/Editor/EditorCore/HierarchyListener.cs:21)
System.Runtime.CompilerServices.RuntimeHelpers:RunClassConstructor (System.RuntimeTypeHandle)
UnityEditor.EditorAssemblies:ProcessInitializeOnLoadAttributes (System.Type[]) (at /Users/bokken/buildslave/unity/build/Editor/Mono/EditorAssemblies.cs:114)

[Library/PackageCache/com.unity.probuilder@4.4.0/Editor/EditorCore/EditorUtility.cs line 593]

Invoked RoslynAnalysisRunner static constructor.
RoslynAnalysisRunner will not be running.
RoslynAnalysisRunner has terminated.
Mono: successfully reloaded assembly
- Completed reload, in  1.181 seconds
Platform modules already initialized, skipping
Refreshing native plugins compatible for Editor in 0.31 ms, found 1 plugins.
Preloading 0 native plugins for Editor in 0.00 ms.
Unloading 1452 Unused Serialized files (Serialized files now loaded: 0)
System memory in use before: 147.0 MB.
System memory in use after: 144.9 MB.

Unloading 83 unused Assets to reduce memory usage. Loaded Objects now: 1887.
Total: 4.395792 ms (FindLiveObjects: 0.257295 ms CreateObjectMapping: 0.058864 ms MarkObjects: 2.050846 ms  DeleteObjects: 2.027251 ms)

========================================================================
Received Prepare
Registering precompiled user dll's ...
Registered in 0.001149 seconds.
Begin MonoManager ReloadAssembly
Native extension for OSXStandalone target not found
Refreshing native plugins compatible for Editor in 0.67 ms, found 1 plugins.
Preloading 0 native plugins for Editor in 0.00 ms.
[ScriptCompilation] NOT recompiling all scripts because this is an import worker process. Reason to compile was: Define symbols changed
Invoked RoslynAnalysisRunner static constructor.
RoslynAnalysisRunner will not be running.
RoslynAnalysisRunner has terminated.
Mono: successfully reloaded assembly
- Completed reload, in  1.786 seconds
Platform modules already initialized, skipping
Refreshing native plugins compatible for Editor in 0.34 ms, found 1 plugins.
Preloading 0 native plugins for Editor in 0.00 ms.
Unloading 1573 Unused Serialized files (Serialized files now loaded: 0)
System memory in use before: 155.6 MB.
System memory in use after: 151.2 MB.

Unloading 117 unused Assets to reduce memory usage. Loaded Objects now: 1980.
Total: 5.654003 ms (FindLiveObjects: 0.311053 ms CreateObjectMapping: 0.064302 ms MarkObjects: 1.970857 ms  DeleteObjects: 3.306184 ms)

========================================================================
Received Import Request.
  Time since last request: 1211.480374 seconds.
  path: Assets/SineVFX/TranslucentCrystals
  artifactKey: Guid(0c6b8e5d60d9fa44381a5a682ff8562c) Importer(815301076,1909f56bfc062723c751e8b465ee728b)
Start importing Assets/SineVFX/TranslucentCrystals using Guid(0c6b8e5d60d9fa44381a5a682ff8562c) Importer(815301076,1909f56bfc062723c751e8b465ee728b)  -> (artifact id: '30241ff7400cbc0dd6da5975e0672755') in 0.005243 seconds
  Import took 0.008321 seconds .

========================================================================
Received Import Request.
  Time since last request: 0.003440 seconds.
  path: Assets/SineVFX/TranslucentCrystals
  artifactKey: Guid(0c6b8e5d60d9fa44381a5a682ff8562c) Importer(815301076,1909f56bfc062723c751e8b465ee728b)
Start importing Assets/SineVFX/TranslucentCrystals using Guid(0c6b8e5d60d9fa44381a5a682ff8562c) Importer(815301076,1909f56bfc062723c751e8b465ee728b)  -> (artifact id: '30241ff7400cbc0dd6da5975e0672755') in 0.000786 seconds
  Import took 0.003381 seconds .

========================================================================
Received Import Request.
  Time since last request: 4.954987 seconds.
  path: Assets/SineVFX/PostProcessingV2/New Post-processing Profile.asset
  artifactKey: Guid(f043b5f7d71f5934ca0fcbecd6c97782) Importer(815301076,1909f56bfc062723c751e8b465ee728b)
Start importing Assets/SineVFX/PostProcessingV2/New Post-processing Profile.asset using Guid(f043b5f7d71f5934ca0fcbecd6c97782) Importer(815301076,1909f56bfc062723c751e8b465ee728b)  -> (artifact id: 'f95e9b2e70af3280e63f5f4b4b15897a') in 0.207946 seconds
  Import took 0.211231 seconds .

========================================================================
Received Import Request.
  Time since last request: 0.000212 seconds.
  path: Assets/SineVFX/PostProcessingV2/PostProcessResources.asset
  artifactKey: Guid(d82512f9c8e5d4a4d938b575d47f88d4) Importer(815301076,1909f56bfc062723c751e8b465ee728b)
Start importing Assets/SineVFX/PostProcessingV2/PostProcessResources.asset using Guid(d82512f9c8e5d4a4d938b575d47f88d4) Importer(815301076,1909f56bfc062723c751e8b465ee728b)  -> (artifact id: '0cec06fe1dfa1b9aeb1ba096c7f4aa3c') in 0.033707 seconds
  Import took 0.037773 seconds .

========================================================================
Received Import Request.
  Time since last request: 22.218847 seconds.
  path: Assets/SineVFX/TranslucentCrystals/Prefabs
  artifactKey: Guid(57ba1372d1301cc4fb18ae9042873fd8) Importer(815301076,1909f56bfc062723c751e8b465ee728b)
Start importing Assets/SineVFX/TranslucentCrystals/Prefabs using Guid(57ba1372d1301cc4fb18ae9042873fd8) Importer(815301076,1909f56bfc062723c751e8b465ee728b)  -> (artifact id: 'dbf1d3d03178535caddf41df5c04e8be') in 0.002724 seconds
  Import took 0.006105 seconds .

========================================================================
Received Import Request.
  Time since last request: 0.000781 seconds.
  path: Assets/SineVFX/TranslucentCrystals/Prefabs
  artifactKey: Guid(57ba1372d1301cc4fb18ae9042873fd8) Importer(815301076,1909f56bfc062723c751e8b465ee728b)
Start importing Assets/SineVFX/TranslucentCrystals/Prefabs using Guid(57ba1372d1301cc4fb18ae9042873fd8) Importer(815301076,1909f56bfc062723c751e8b465ee728b)  -> (artifact id: 'dbf1d3d03178535caddf41df5c04e8be') in 0.000715 seconds
  Import took 0.003024 seconds .

========================================================================
Received Import Request.
  Time since last request: 0.091945 seconds.
  path: Assets/SineVFX/TranslucentCrystals/Prefabs/Crystalsv01.prefab
  artifactKey: Guid(8ad137f6808375f4e885d60451f0c4fc) Importer(815301076,1909f56bfc062723c751e8b465ee728b)
Start importing Assets/SineVFX/TranslucentCrystals/Prefabs/Crystalsv01.prefab using Guid(8ad137f6808375f4e885d60451f0c4fc) Importer(815301076,1909f56bfc062723c751e8b465ee728b)  -> (artifact id: '45e33af3dbafd375821529b99c044ede') in 0.606370 seconds
  Import took 0.611049 seconds .

========================================================================
Received Import Request.
  Time since last request: 0.000239 seconds.
  path: Assets/SineVFX/TranslucentCrystals/Prefabs/Crystalsv10.prefab
  artifactKey: Guid(227f9257bcc7175478a7f935e3bfc552) Importer(815301076,1909f56bfc062723c751e8b465ee728b)
Start importing Assets/SineVFX/TranslucentCrystals/Prefabs/Crystalsv10.prefab using Guid(227f9257bcc7175478a7f935e3bfc552) Importer(815301076,1909f56bfc062723c751e8b465ee728b)  -> (artifact id: 'ab288ddd1cdb720ff913cc74e6ed2510') in 0.434961 seconds
  Import took 0.439276 seconds .

========================================================================
Received Import Request.
  Time since last request: 0.000229 seconds.
  path: Assets/SineVFX/TranslucentCrystals/Prefabs/Crystalsv08.prefab
  artifactKey: Guid(da6e8bbd483d22c449e703a7e40afde4) Importer(815301076,1909f56bfc062723c751e8b465ee728b)
Start importing Assets/SineVFX/TranslucentCrystals/Prefabs/Crystalsv08.prefab using Guid(da6e8bbd483d22c449e703a7e40afde4) Importer(815301076,1909f56bfc062723c751e8b465ee728b)  -> (artifact id: 'd4a3f8fb8fa4d0cdfff28ed57960610c') in 0.035538 seconds
  Import took 0.039918 seconds .

========================================================================
Received Import Request.
  Time since last request: 0.000178 seconds.
  path: Assets/SineVFX/TranslucentCrystals/Prefabs/Crystalsv07.prefab
  artifactKey: Guid(67c6e02e204ef6244a8f475a94826851) Importer(815301076,1909f56bfc062723c751e8b465ee728b)
Start importing Assets/SineVFX/TranslucentCrystals/Prefabs/Crystalsv07.prefab using Guid(67c6e02e204ef6244a8f475a94826851) Importer(815301076,1909f56bfc062723c751e8b465ee728b)  -> (artifact id: '42ff618b3865a0f72f0655c159321fe6') in 0.034794 seconds
  Import took 0.038726 seconds .

========================================================================
Received Import Request.
  Time since last request: 0.000180 seconds.
  path: Assets/SineVFX/TranslucentCrystals/Prefabs/Crystalsv04.prefab
  artifactKey: Guid(ff31047102e4ad54da5383aa244844cf) Importer(815301076,1909f56bfc062723c751e8b465ee728b)
Start importing Assets/SineVFX/TranslucentCrystals/Prefabs/Crystalsv04.prefab using Guid(ff31047102e4ad54da5383aa244844cf) Importer(815301076,1909f56bfc062723c751e8b465ee728b)  -> (artifact id: '9c46d8f66060979e39b1f6c53a1f95ce') in 0.032459 seconds
  Import took 0.036309 seconds .

========================================================================
Received Import Request.
  Time since last request: 0.000180 seconds.
  path: Assets/SineVFX/TranslucentCrystals/Prefabs/Crystalsv06.prefab
  artifactKey: Guid(4aa7f4f0acab60742bea9a9f6a3bb144) Importer(815301076,1909f56bfc062723c751e8b465ee728b)
Start importing Assets/SineVFX/TranslucentCrystals/Prefabs/Crystalsv06.prefab using Guid(4aa7f4f0acab60742bea9a9f6a3bb144) Importer(815301076,1909f56bfc062723c751e8b465ee728b)  -> (artifact id: '4c3992f07a7274ed5e46aa0a432662f2') in 0.032813 seconds
  Import took 0.037233 seconds .

========================================================================
Received Import Request.
  Time since last request: 0.000177 seconds.
  path: Assets/SineVFX/TranslucentCrystals/Prefabs/Crystalsv09.prefab
  artifactKey: Guid(5f285e9508d4e3f4488b284bb80a0b9b) Importer(815301076,1909f56bfc062723c751e8b465ee728b)
Start importing Assets/SineVFX/TranslucentCrystals/Prefabs/Crystalsv09.prefab using Guid(5f285e9508d4e3f4488b284bb80a0b9b) Importer(815301076,1909f56bfc062723c751e8b465ee728b)  -> (artifact id: '9f005d65b1d5d014be30416f9d48e4d1') in 0.032081 seconds
  Import took 0.036331 seconds .

========================================================================
Received Import Request.
  Time since last request: 0.000169 seconds.
  path: Assets/SineVFX/TranslucentCrystals/Prefabs/Crystalsv05.prefab
  artifactKey: Guid(ee88617da51e3e8479a812f9d58a94be) Importer(815301076,1909f56bfc062723c751e8b465ee728b)
Start importing Assets/SineVFX/TranslucentCrystals/Prefabs/Crystalsv05.prefab using Guid(ee88617da51e3e8479a812f9d58a94be) Importer(815301076,1909f56bfc062723c751e8b465ee728b)  -> (artifact id: '85312dab5ac2f8992d4debdc6fade7e7') in 0.031067 seconds
  Import took 0.034842 seconds .

========================================================================
Received Import Request.
  Time since last request: 0.000179 seconds.
  path: Assets/SineVFX/TranslucentCrystals/Prefabs/Crystalsv02.prefab
  artifactKey: Guid(f035235bfe0fb5d48b6f85818f4f000e) Importer(815301076,1909f56bfc062723c751e8b465ee728b)
Start importing Assets/SineVFX/TranslucentCrystals/Prefabs/Crystalsv02.prefab using Guid(f035235bfe0fb5d48b6f85818f4f000e) Importer(815301076,1909f56bfc062723c751e8b465ee728b)  -> (artifact id: 'ba84f77888635d021b11de6e96cb7a2c') in 0.033518 seconds
  Import took 0.037648 seconds .

========================================================================
Received Import Request.
  Time since last request: 0.000173 seconds.
  path: Assets/SineVFX/TranslucentCrystals/Prefabs/Crystalsv03.prefab
  artifactKey: Guid(03fc9d38e2dd7c343baa918a99f6d833) Importer(815301076,1909f56bfc062723c751e8b465ee728b)
Start importing Assets/SineVFX/TranslucentCrystals/Prefabs/Crystalsv03.prefab using Guid(03fc9d38e2dd7c343baa918a99f6d833) Importer(815301076,1909f56bfc062723c751e8b465ee728b)  -> (artifact id: '9046bd493f2ae68bca19a868b4db9363') in 0.032127 seconds
  Import took 0.036305 seconds .

========================================================================
Received Prepare
Registering precompiled user dll's ...
Registered in 0.000399 seconds.
Begin MonoManager ReloadAssembly
Native extension for OSXStandalone target not found
Refreshing native plugins compatible for Editor in 0.39 ms, found 1 plugins.
Preloading 0 native plugins for Editor in 0.00 ms.
Invoked RoslynAnalysisRunner static constructor.
RoslynAnalysisRunner will not be running.
RoslynAnalysisRunner has terminated.
Mono: successfully reloaded assembly
- Completed reload, in  1.048 seconds
Platform modules already initialized, skipping
Refreshing native plugins compatible for Editor in 0.37 ms, found 1 plugins.
Preloading 0 native plugins for Editor in 0.00 ms.
Unloading 1574 Unused Serialized files (Serialized files now loaded: 0)
System memory in use before: 162.1 MB.
System memory in use after: 158.4 MB.

Unloading 121 unused Assets to reduce memory usage. Loaded Objects now: 1984.
Total: 5.261720 ms (FindLiveObjects: 0.290626 ms CreateObjectMapping: 0.070007 ms MarkObjects: 1.893087 ms  DeleteObjects: 3.007100 ms)

========================================================================
Received Prepare
Registering precompiled user dll's ...
Registered in 0.000518 seconds.
Begin MonoManager ReloadAssembly
Native extension for OSXStandalone target not found
Refreshing native plugins compatible for Editor in 0.42 ms, found 1 plugins.
Preloading 0 native plugins for Editor in 0.00 ms.
Invoked RoslynAnalysisRunner static constructor.
RoslynAnalysisRunner will not be running.
RoslynAnalysisRunner has terminated.
Mono: successfully reloaded assembly
- Completed reload, in  1.112 seconds
Platform modules already initialized, skipping
Refreshing native plugins compatible for Editor in 0.35 ms, found 1 plugins.
Preloading 0 native plugins for Editor in 0.00 ms.
Unloading 1574 Unused Serialized files (Serialized files now loaded: 0)
System memory in use before: 162.5 MB.
System memory in use after: 158.7 MB.

Unloading 121 unused Assets to reduce memory usage. Loaded Objects now: 1987.
Total: 6.000093 ms (FindLiveObjects: 0.269140 ms CreateObjectMapping: 0.080786 ms MarkObjects: 2.326671 ms  DeleteObjects: 3.322335 ms)

========================================================================
Received Import Request.
  Time since last request: 1397.337500 seconds.
  path: Assets/CameraTracking.cs
  artifactKey: Guid(07f569aa383ce449f91efd8aecabab1f) Importer(815301076,1909f56bfc062723c751e8b465ee728b)
Start importing Assets/CameraTracking.cs using Guid(07f569aa383ce449f91efd8aecabab1f) Importer(815301076,1909f56bfc062723c751e8b465ee728b)  -> (artifact id: 'ede010b0ca559e44bab7dd5ce76a824f') in 0.224675 seconds
  Import took 0.228284 seconds .

========================================================================
Received Prepare
Registering precompiled user dll's ...
Registered in 0.000511 seconds.
Begin MonoManager ReloadAssembly
Native extension for OSXStandalone target not found
Refreshing native plugins compatible for Editor in 0.37 ms, found 1 plugins.
Preloading 0 native plugins for Editor in 0.00 ms.
Invoked RoslynAnalysisRunner static constructor.
RoslynAnalysisRunner will not be running.
RoslynAnalysisRunner has terminated.
Mono: successfully reloaded assembly
- Completed reload, in  1.116 seconds
Platform modules already initialized, skipping
Refreshing native plugins compatible for Editor in 0.35 ms, found 1 plugins.
Preloading 0 native plugins for Editor in 0.00 ms.
Unloading 1574 Unused Serialized files (Serialized files now loaded: 0)
System memory in use before: 163.3 MB.
System memory in use after: 159.6 MB.

Unloading 121 unused Assets to reduce memory usage. Loaded Objects now: 1989.
Total: 5.874799 ms (FindLiveObjects: 0.276801 ms CreateObjectMapping: 0.100148 ms MarkObjects: 2.175764 ms  DeleteObjects: 3.320869 ms)

========================================================================
Received Import Request.
  Time since last request: 173.242015 seconds.
  path: Assets/CameraTracking.cs
  artifactKey: Guid(07f569aa383ce449f91efd8aecabab1f) Importer(815301076,1909f56bfc062723c751e8b465ee728b)
Start importing Assets/CameraTracking.cs using Guid(07f569aa383ce449f91efd8aecabab1f) Importer(815301076,1909f56bfc062723c751e8b465ee728b)  -> (artifact id: '38e3a08e2cc0824508f33776e034aba5') in 0.005510 seconds
  Import took 0.008733 seconds .

========================================================================
Received Prepare
Registering precompiled user dll's ...
Registered in 0.000483 seconds.
Begin MonoManager ReloadAssembly
Native extension for OSXStandalone target not found
Refreshing native plugins compatible for Editor in 0.36 ms, found 1 plugins.
Preloading 0 native plugins for Editor in 0.00 ms.
Invoked RoslynAnalysisRunner static constructor.
RoslynAnalysisRunner will not be running.
RoslynAnalysisRunner has terminated.
Mono: successfully reloaded assembly
- Completed reload, in  1.097 seconds
Platform modules already initialized, skipping
Refreshing native plugins compatible for Editor in 0.36 ms, found 1 plugins.
Preloading 0 native plugins for Editor in 0.00 ms.
Unloading 1574 Unused Serialized files (Serialized files now loaded: 0)
System memory in use before: 163.8 MB.
System memory in use after: 160.1 MB.

Unloading 121 unused Assets to reduce memory usage. Loaded Objects now: 1991.
Total: 5.904869 ms (FindLiveObjects: 0.277987 ms CreateObjectMapping: 0.071666 ms MarkObjects: 2.173023 ms  DeleteObjects: 3.380911 ms)

========================================================================
Received Prepare
Registering precompiled user dll's ...
Registered in 0.000554 seconds.
Begin MonoManager ReloadAssembly
Native extension for OSXStandalone target not found
Refreshing native plugins compatible for Editor in 0.35 ms, found 1 plugins.
Preloading 0 native plugins for Editor in 0.00 ms.
Invoked RoslynAnalysisRunner static constructor.
RoslynAnalysisRunner will not be running.
RoslynAnalysisRunner has terminated.
Mono: successfully reloaded assembly
- Completed reload, in  1.100 seconds
Platform modules already initialized, skipping
Refreshing native plugins compatible for Editor in 0.34 ms, found 1 plugins.
Preloading 0 native plugins for Editor in 0.00 ms.
Unloading 1574 Unused Serialized files (Serialized files now loaded: 0)
System memory in use before: 164.1 MB.
System memory in use after: 160.4 MB.

Unloading 121 unused Assets to reduce memory usage. Loaded Objects now: 1993.
Total: 6.300433 ms (FindLiveObjects: 0.299096 ms CreateObjectMapping: 0.170824 ms MarkObjects: 2.307966 ms  DeleteObjects: 3.521069 ms)

========================================================================
Received Prepare
Registering precompiled user dll's ...
Registered in 0.000793 seconds.
Begin MonoManager ReloadAssembly
Native extension for OSXStandalone target not found
Refreshing native plugins compatible for Editor in 0.43 ms, found 1 plugins.
Preloading 0 native plugins for Editor in 0.00 ms.
Invoked RoslynAnalysisRunner static constructor.
RoslynAnalysisRunner will not be running.
RoslynAnalysisRunner has terminated.
Mono: successfully reloaded assembly
- Completed reload, in  1.107 seconds
Platform modules already initialized, skipping
Refreshing native plugins compatible for Editor in 0.36 ms, found 1 plugins.
Preloading 0 native plugins for Editor in 0.00 ms.
Unloading 1574 Unused Serialized files (Serialized files now loaded: 0)
System memory in use before: 163.9 MB.
System memory in use after: 160.2 MB.

Unloading 121 unused Assets to reduce memory usage. Loaded Objects now: 1995.
Total: 5.819939 ms (FindLiveObjects: 0.278003 ms CreateObjectMapping: 0.101688 ms MarkObjects: 2.121610 ms  DeleteObjects: 3.316932 ms)

========================================================================
Received Prepare
Registering precompiled user dll's ...
Registered in 0.000485 seconds.
Begin MonoManager ReloadAssembly
Native extension for OSXStandalone target not found
Refreshing native plugins compatible for Editor in 0.41 ms, found 1 plugins.
Preloading 0 native plugins for Editor in 0.00 ms.
Invoked RoslynAnalysisRunner static constructor.
RoslynAnalysisRunner will not be running.
RoslynAnalysisRunner has terminated.
Mono: successfully reloaded assembly
- Completed reload, in  1.134 seconds
Platform modules already initialized, skipping
Refreshing native plugins compatible for Editor in 0.35 ms, found 1 plugins.
Preloading 0 native plugins for Editor in 0.00 ms.
Unloading 1574 Unused Serialized files (Serialized files now loaded: 0)
System memory in use before: 164.3 MB.
System memory in use after: 160.6 MB.

Unloading 121 unused Assets to reduce memory usage. Loaded Objects now: 1997.
Total: 5.865421 ms (FindLiveObjects: 0.298338 ms CreateObjectMapping: 0.109124 ms MarkObjects: 2.165160 ms  DeleteObjects: 3.291651 ms)

========================================================================
Received Import Request.
  Time since last request: 617.781434 seconds.
  path: Assets/CameraTracking.cs
  artifactKey: Guid(07f569aa383ce449f91efd8aecabab1f) Importer(815301076,1909f56bfc062723c751e8b465ee728b)
Start importing Assets/CameraTracking.cs using Guid(07f569aa383ce449f91efd8aecabab1f) Importer(815301076,1909f56bfc062723c751e8b465ee728b)  -> (artifact id: '18bb588eb32da5ecc6947da420bd0cec') in 0.005307 seconds
  Import took 0.008602 seconds .

========================================================================
Received Import Request.
  Time since last request: 0.026862 seconds.
  path: Assets/CameraTracking.cs
  artifactKey: Guid(07f569aa383ce449f91efd8aecabab1f) Importer(815301076,1909f56bfc062723c751e8b465ee728b)
Start importing Assets/CameraTracking.cs using Guid(07f569aa383ce449f91efd8aecabab1f) Importer(815301076,1909f56bfc062723c751e8b465ee728b)  -> (artifact id: '18bb588eb32da5ecc6947da420bd0cec') in 0.001204 seconds
  Import took 0.004550 seconds .

========================================================================
Received Prepare
Registering precompiled user dll's ...
Registered in 0.000506 seconds.
Begin MonoManager ReloadAssembly
Native extension for OSXStandalone target not found
Refreshing native plugins compatible for Editor in 0.38 ms, found 1 plugins.
Preloading 0 native plugins for Editor in 0.00 ms.
Invoked RoslynAnalysisRunner static constructor.
RoslynAnalysisRunner will not be running.
RoslynAnalysisRunner has terminated.
Mono: successfully reloaded assembly
- Completed reload, in  1.085 seconds
Platform modules already initialized, skipping
Refreshing native plugins compatible for Editor in 0.36 ms, found 1 plugins.
Preloading 0 native plugins for Editor in 0.00 ms.
Unloading 1574 Unused Serialized files (Serialized files now loaded: 0)
System memory in use before: 164.8 MB.
System memory in use after: 161.0 MB.

Unloading 121 unused Assets to reduce memory usage. Loaded Objects now: 1999.
Total: 5.968155 ms (FindLiveObjects: 0.278486 ms CreateObjectMapping: 0.095348 ms MarkObjects: 2.199019 ms  DeleteObjects: 3.394134 ms)

========================================================================
Received Import Request.
  Time since last request: 152.002762 seconds.
  path: Assets/CameraTracking.cs
  artifactKey: Guid(07f569aa383ce449f91efd8aecabab1f) Importer(815301076,1909f56bfc062723c751e8b465ee728b)
Start importing Assets/CameraTracking.cs using Guid(07f569aa383ce449f91efd8aecabab1f) Importer(815301076,1909f56bfc062723c751e8b465ee728b)  -> (artifact id: '907f0006120fbb432a23f83df5490d75') in 0.005617 seconds
  Import took 0.008711 seconds .

========================================================================
Received Import Request.
  Time since last request: 0.001215 seconds.
  path: Assets/CameraTracking.cs
  artifactKey: Guid(07f569aa383ce449f91efd8aecabab1f) Importer(815301076,1909f56bfc062723c751e8b465ee728b)
Start importing Assets/CameraTracking.cs using Guid(07f569aa383ce449f91efd8aecabab1f) Importer(815301076,1909f56bfc062723c751e8b465ee728b)  -> (artifact id: '907f0006120fbb432a23f83df5490d75') in 0.000824 seconds
  Import took 0.003622 seconds .

========================================================================
Received Prepare
Registering precompiled user dll's ...
Registered in 0.000553 seconds.
Begin MonoManager ReloadAssembly
Native extension for OSXStandalone target not found
Refreshing native plugins compatible for Editor in 0.36 ms, found 1 plugins.
Preloading 0 native plugins for Editor in 0.00 ms.
Invoked RoslynAnalysisRunner static constructor.
RoslynAnalysisRunner will not be running.
RoslynAnalysisRunner has terminated.
Mono: successfully reloaded assembly
- Completed reload, in  1.093 seconds
Platform modules already initialized, skipping
Refreshing native plugins compatible for Editor in 0.35 ms, found 1 plugins.
Preloading 0 native plugins for Editor in 0.00 ms.
Unloading 1574 Unused Serialized files (Serialized files now loaded: 0)
System memory in use before: 164.4 MB.
System memory in use after: 160.7 MB.

Unloading 121 unused Assets to reduce memory usage. Loaded Objects now: 2001.
Total: 5.706238 ms (FindLiveObjects: 0.281621 ms CreateObjectMapping: 0.067997 ms MarkObjects: 2.149638 ms  DeleteObjects: 3.205897 ms)

========================================================================
Received Import Request.
  Time since last request: 237.963384 seconds.
  path: Assets/CameraController.cs
  artifactKey: Guid(07f569aa383ce449f91efd8aecabab1f) Importer(815301076,1909f56bfc062723c751e8b465ee728b)
Start importing Assets/CameraController.cs using Guid(07f569aa383ce449f91efd8aecabab1f) Importer(815301076,1909f56bfc062723c751e8b465ee728b)  -> (artifact id: '99b8adaecd066f0616052f51dd1d8d96') in 0.005853 seconds
  Import took 0.009410 seconds .

========================================================================
Received Prepare
Registering precompiled user dll's ...
Registered in 0.000495 seconds.
Begin MonoManager ReloadAssembly
Native extension for OSXStandalone target not found
Refreshing native plugins compatible for Editor in 0.34 ms, found 1 plugins.
Preloading 0 native plugins for Editor in 0.00 ms.
Invoked RoslynAnalysisRunner static constructor.
RoslynAnalysisRunner will not be running.
RoslynAnalysisRunner has terminated.
Mono: successfully reloaded assembly
- Completed reload, in  1.112 seconds
Platform modules already initialized, skipping
Refreshing native plugins compatible for Editor in 0.35 ms, found 1 plugins.
Preloading 0 native plugins for Editor in 0.00 ms.
Unloading 1574 Unused Serialized files (Serialized files now loaded: 0)
System memory in use before: 164.9 MB.
System memory in use after: 161.2 MB.

Unloading 121 unused Assets to reduce memory usage. Loaded Objects now: 2003.
Total: 5.977230 ms (FindLiveObjects: 0.298396 ms CreateObjectMapping: 0.115896 ms MarkObjects: 2.181356 ms  DeleteObjects: 3.380395 ms)

========================================================================
Received Prepare
Registering precompiled user dll's ...
Registered in 0.000517 seconds.
Begin MonoManager ReloadAssembly
Native extension for OSXStandalone target not found
Refreshing native plugins compatible for Editor in 0.39 ms, found 1 plugins.
Preloading 0 native plugins for Editor in 0.00 ms.
Invoked RoslynAnalysisRunner static constructor.
RoslynAnalysisRunner will not be running.
RoslynAnalysisRunner has terminated.
Mono: successfully reloaded assembly
- Completed reload, in  1.099 seconds
Platform modules already initialized, skipping
Refreshing native plugins compatible for Editor in 0.39 ms, found 1 plugins.
Preloading 0 native plugins for Editor in 0.00 ms.
Unloading 1574 Unused Serialized files (Serialized files now loaded: 0)
System memory in use before: 165.2 MB.
System memory in use after: 161.5 MB.

Unloading 121 unused Assets to reduce memory usage. Loaded Objects now: 2005.
Total: 5.885767 ms (FindLiveObjects: 0.279931 ms CreateObjectMapping: 0.068941 ms MarkObjects: 2.174238 ms  DeleteObjects: 3.361306 ms)

